================Sun Dec 19 15:07:50 2021================
[href]:	https://cdn.jsdelivr.net/gh/Rcrwrate/Stellaris@latest/api/mod.json?TID=1639897670.3579504
mod.json: 
{'1': {'msg': '修复大小姐的冲突问题(建议)', 'key': '\\1747099270\\common\\ship_sizes\\WG_lady_ship_sizes.txt', 'name': 'WG_lady_ship_sizes.txt', 'ver': '0.1', 'require': 1747099270}, '2': {'msg': '', 'key': '', 'name': 'WG_lady_ship_sizes.txt', 'ver': '0.1', 'require': 1747099270}}

================Sun Dec 19 15:07:50 2021================
[FILE_SAVE]:	WG_lady_ship_sizes.txt	SAVED

================Sun Dec 19 15:19:59 2021================
[href]:	https://cdn.jsdelivr.net/gh/Rcrwrate/Stellaris@latest/api/mod.json?TID=1639898399.2944314
mod.json: 
{'1': {'msg': '修复大小姐的冲突问题(建议)', 'key': '\\1747099270\\common\\ship_sizes\\WG_lady_ship_sizes.txt', 'name': 'WG_lady_ship_sizes.txt', 'ver': '0.1', 'require': 1747099270}, '2': {'msg': '', 'key': '', 'name': 'WG_lady_ship_sizes.txt', 'ver': '0.1', 'require': 1747099270}}

================Sun Dec 19 15:19:59 2021================
[FILE_SAVE]:	WG_lady_ship_sizes.txt	SAVED

================Sun Dec 19 15:21:01 2021================
[href]:	https://cdn.jsdelivr.net/gh/Rcrwrate/Stellaris@latest/api/mod.json?TID=1639898461.658601
mod.json: 
{'1': {'msg': '修复大小姐的冲突问题(建议)', 'key': '\\1747099270\\common\\ship_sizes\\WG_lady_ship_sizes.txt', 'name': 'WG_lady_ship_sizes.txt', 'ver': '0.1', 'require': 1747099270}, '2': {'msg': '', 'key': '', 'name': 'WG_lady_ship_sizes.txt', 'ver': '0.1', 'require': 1747099270}}

================Sun Dec 19 15:21:01 2021================
[FILE_SAVE]:	WG_lady_ship_sizes.txt	SAVED

================Sun Dec 19 15:21:28 2021================
[href]:	https://cdn.jsdelivr.net/gh/Rcrwrate/Stellaris@latest/api/mod.json?TID=1639898488.0735197
mod.json: 
{'1': {'msg': '修复大小姐的冲突问题(建议)', 'key': '\\1747099270\\common\\ship_sizes\\WG_lady_ship_sizes.txt', 'name': 'WG_lady_ship_sizes.txt', 'ver': '0.1', 'require': 1747099270}, '2': {'msg': '', 'key': '', 'name': 'WG_lady_ship_sizes.txt', 'ver': '0.1', 'require': 1747099270}}

================Sun Dec 19 15:21:28 2021================
[FILE_SAVE]:	WG_lady_ship_sizes.txt	SAVED

================Sun Dec 19 15:21:54 2021================
[href]:	https://cdn.jsdelivr.net/gh/Rcrwrate/Stellaris@latest/api/mod.json?TID=1639898514.2963116
mod.json: 
{'1': {'msg': '修复大小姐的冲突问题(建议)', 'key': '\\1747099270\\common\\ship_sizes\\WG_lady_ship_sizes.txt', 'name': 'WG_lady_ship_sizes.txt', 'ver': '0.1', 'require': 1747099270}, '2': {'msg': '', 'key': '', 'name': 'WG_lady_ship_sizes.txt', 'ver': '0.1', 'require': 1747099270}}

================Sun Dec 19 15:22:20 2021================
[FILE_SAVE]:	WG_lady_ship_sizes.txt	SAVED

================Sun Dec 19 15:22:32 2021================
[href]:	https://cdn.jsdelivr.net/gh/Rcrwrate/Stellaris@latest/api/mod.json?TID=1639898552.6923938
mod.json: 
{'1': {'msg': '修复大小姐的冲突问题(建议)', 'key': '\\1747099270\\common\\ship_sizes\\WG_lady_ship_sizes.txt', 'name': 'WG_lady_ship_sizes.txt', 'ver': '0.1', 'require': 1747099270}, '2': {'msg': '', 'key': '', 'name': 'WG_lady_ship_sizes.txt', 'ver': '0.1', 'require': 1747099270}}

================Sun Dec 19 15:22:32 2021================
[FILE_SAVE]:	WG_lady_ship_sizes.txt	SAVED

================Sun Dec 19 15:24:17 2021================
[href]:	https://cdn.jsdelivr.net/gh/Rcrwrate/Stellaris@latest/api/mod.json?TID=1639898657.3858657
mod.json: 
{'1': {'msg': '修复大小姐的冲突问题(建议)', 'key': '\\1747099270\\common\\ship_sizes\\WG_lady_ship_sizes.txt', 'name': 'WG_lady_ship_sizes.txt', 'ver': '0.1', 'require': 1747099270}, '2': {'msg': '', 'key': '', 'name': 'WG_lady_ship_sizes.txt', 'ver': '0.1', 'require': 1747099270}}

================Sun Dec 19 15:25:12 2021================
[href]:	https://cdn.jsdelivr.net/gh/Rcrwrate/Stellaris@latest/api/mod.json?TID=1639898712.1847177
mod.json: 
{'1': {'msg': '修复大小姐的冲突问题(建议)', 'key': '\\1747099270\\common\\ship_sizes\\WG_lady_ship_sizes.txt', 'name': 'WG_lady_ship_sizes.txt', 'ver': '0.1', 'require': 1747099270}, '2': {'msg': '', 'key': '', 'name': 'WG_lady_ship_sizes.txt', 'ver': '0.1', 'require': 1747099270}}

================Sun Dec 19 15:25:12 2021================
[FILE_SAVE]:	WG_lady_ship_sizes.txt	SAVED

================Sun Dec 19 15:25:20 2021================
[href]:	https://cdn.jsdelivr.net/gh/Rcrwrate/Stellaris@latest/api/mod.json?TID=1639898720.7995896
mod.json: 
{'1': {'msg': '修复大小姐的冲突问题(建议)', 'key': '\\1747099270\\common\\ship_sizes\\WG_lady_ship_sizes.txt', 'name': 'WG_lady_ship_sizes.txt', 'ver': '0.1', 'require': 1747099270}, '2': {'msg': '', 'key': '', 'name': 'WG_lady_ship_sizes.txt', 'ver': '0.1', 'require': 1747099270}}

================Sun Dec 19 15:25:56 2021================
[href]:	https://cdn.jsdelivr.net/gh/Rcrwrate/Stellaris@latest/api/mod.json?TID=1639898756.6263354
mod.json: 
{'1': {'msg': '修复大小姐的冲突问题(建议)', 'key': '\\1747099270\\common\\ship_sizes\\WG_lady_ship_sizes.txt', 'name': 'WG_lady_ship_sizes.txt', 'ver': '0.1', 'require': 1747099270}, '2': {'msg': '', 'key': '', 'name': 'WG_lady_ship_sizes.txt', 'ver': '0.1', 'require': 1747099270}}

================Sun Dec 19 15:36:21 2021================
[href]:	https://cdn.jsdelivr.net/gh/Rcrwrate/Stellaris@latest/api/mod.json?TID=1639899381.5870032
mod.json: 
{'1': {'msg': '修复大小姐的冲突问题(建议)', 'key': '\\1747099270\\common\\ship_sizes\\WG_lady_ship_sizes.txt', 'name': 'WG_lady_ship_sizes.txt', 'ver': '0.1', 'require': 1747099270}, '2': {'msg': '', 'key': '', 'name': 'WG_lady_ship_sizes.txt', 'ver': '0.1', 'require': 1747099270}}

================Sun Dec 19 15:36:21 2021================
[FILE_SAVE]:	WG_lady_ship_sizes.txt	OK

================Sun Dec 19 15:36:21 2021================
[FILE_REPLACED]:	WG_lady_ship_sizes.txt	OK

================Sun Dec 19 15:38:42 2021================
[RESTORE]:	WG_lady_ship_sizes.txt

================Sun Dec 19 15:41:23 2021================
[RESTORE]:	WG_lady_ship_sizes.txtOK

================Sun Dec 19 15:46:11 2021================
[ERROR]:	No option 'wg_lady_ship_sizes.txt' in section: 'change'

================Sun Dec 19 15:48:14 2021================
[ERROR]:	No option 'wg_lady_ship_sizes.txt' in section: 'change'

